[2023-05-05 08:49:59] local.ERROR: Undefined variable $name {"view":{"view":"D:\\----- 1. Kuliah\\2. Bahan - bahan Kuliah\\✨ SEMESTER 4\\PEMROGRAMAN FRAMEWORK - IS-04-04\\Pertemuan 4\\Laravel Project\\modul-3\\resources\\views\\routing.blade.php","data":{"errors":"<pre class=sf-dump id=sf-dump-639241420 data-indent-pad=\"  \"><span class=sf-dump-note>Illuminate\\Support\\ViewErrorBag</span> {<a class=sf-dump-ref>#287</a><samp data-depth=1 class=sf-dump-expanded>
  #<span class=sf-dump-protected title=\"Protected property\">bags</span>: []
</samp>}
</pre><script>Sfdump(\"sf-dump-639241420\", {\"maxDepth\":3,\"maxStringLength\":160})</script>
"}},"exception":"[object] (Spatie\\LaravelIgnition\\Exceptions\\ViewException(code: 0): Undefined variable $name at D:\\----- 1. Kuliah\\2. Bahan - bahan Kuliah\\✨ SEMESTER 4\\PEMROGRAMAN FRAMEWORK - IS-04-04\\Pertemuan 4\\Laravel Project\\modul-3\\resources\\views\\routing.blade.php:31)
[stacktrace]
#0 D:\\----- 1. Kuliah\\2. Bahan - bahan Kuliah\\✨ SEMESTER 4\\PEMROGRAMAN FRAMEWORK - IS-04-04\\Pertemuan 4\\Laravel Project\\modul-3\\vendor\\laravel\\framework\\src\\Illuminate\\Foundation\\Bootstrap\\HandleExceptions.php(254): Illuminate\\Foundation\\Bootstrap\\HandleExceptions->handleError(2, 'Undefined varia...', 'D:\\\\----- 1. Kul...', 31)
#1 D:\\----- 1. Kuliah\\2. Bahan - bahan Kuliah\\✨ SEMESTER 4\\PEMROGRAMAN FRAMEWORK - IS-04-04\\Pertemuan 4\\Laravel Project\\modul-3\\resources\\views\\routing.blade.php(31): Illuminate\\Foundation\\Bootstrap\\HandleExceptions->Illuminate\\Foundation\\Bootstrap\\{closure}(2, 'Undefined varia...', 'D:\\\\----- 1. Kul...', 31)
#2 D:\\----- 1. Kuliah\\2. Bahan - bahan Kuliah\\✨ SEMESTER 4\\PEMROGRAMAN FRAMEWORK - IS-04-04\\Pertemuan 4\\Laravel Project\\modul-3\\vendor\\laravel\\framework\\src\\Illuminate\\Filesystem\\Filesystem.php(124): require('D:\\\\----- 1. Kul...')
#3 D:\\----- 1. Kuliah\\2. Bahan - bahan Kuliah\\✨ SEMESTER 4\\PEMROGRAMAN FRAMEWORK - IS-04-04\\Pertemuan 4\\Laravel Project\\modul-3\\vendor\\laravel\\framework\\src\\Illuminate\\Filesystem\\Filesystem.php(125): Illuminate\\Filesystem\\Filesystem::Illuminate\\Filesystem\\{closure}()
#4 D:\\----- 1. Kuliah\\2. Bahan - bahan Kuliah\\✨ SEMESTER 4\\PEMROGRAMAN FRAMEWORK - IS-04-04\\Pertemuan 4\\Laravel Project\\modul-3\\vendor\\laravel\\framework\\src\\Illuminate\\View\\Engines\\PhpEngine.php(58): Illuminate\\Filesystem\\Filesystem->getRequire('D:\\\\----- 1. Kul...', Array)
#5 D:\\----- 1. Kuliah\\2. Bahan - bahan Kuliah\\✨ SEMESTER 4\\PEMROGRAMAN FRAMEWORK - IS-04-04\\Pertemuan 4\\Laravel Project\\modul-3\\vendor\\laravel\\framework\\src\\Illuminate\\View\\Engines\\CompilerEngine.php(70): Illuminate\\View\\Engines\\PhpEngine->evaluatePath('D:\\\\----- 1. Kul...', Array)
#6 D:\\----- 1. Kuliah\\2. Bahan - bahan Kuliah\\✨ SEMESTER 4\\PEMROGRAMAN FRAMEWORK - IS-04-04\\Pertemuan 4\\Laravel Project\\modul-3\\vendor\\laravel\\framework\\src\\Illuminate\\View\\View.php(195): Illuminate\\View\\Engines\\CompilerEngine->get('D:\\\\----- 1. Kul...', Array)
#7 D:\\----- 1. Kuliah\\2. Bahan - bahan Kuliah\\✨ SEMESTER 4\\PEMROGRAMAN FRAMEWORK - IS-04-04\\Pertemuan 4\\Laravel Project\\modul-3\\vendor\\laravel\\framework\\src\\Illuminate\\View\\View.php(178): Illuminate\\View\\View->getContents()
#8 D:\\----- 1. Kuliah\\2. Bahan - bahan Kuliah\\✨ SEMESTER 4\\PEMROGRAMAN FRAMEWORK - IS-04-04\\Pertemuan 4\\Laravel Project\\modul-3\\vendor\\laravel\\framework\\src\\Illuminate\\View\\View.php(147): Illuminate\\View\\View->renderContents()
#9 D:\\----- 1. Kuliah\\2. Bahan - bahan Kuliah\\✨ SEMESTER 4\\PEMROGRAMAN FRAMEWORK - IS-04-04\\Pertemuan 4\\Laravel Project\\modul-3\\vendor\\laravel\\framework\\src\\Illuminate\\Http\\Response.php(69): Illuminate\\View\\View->render()
#10 D:\\----- 1. Kuliah\\2. Bahan - bahan Kuliah\\✨ SEMESTER 4\\PEMROGRAMAN FRAMEWORK - IS-04-04\\Pertemuan 4\\Laravel Project\\modul-3\\vendor\\laravel\\framework\\src\\Illuminate\\Http\\Response.php(35): Illuminate\\Http\\Response->setContent(Object(Illuminate\\View\\View))
#11 D:\\----- 1. Kuliah\\2. Bahan - bahan Kuliah\\✨ SEMESTER 4\\PEMROGRAMAN FRAMEWORK - IS-04-04\\Pertemuan 4\\Laravel Project\\modul-3\\vendor\\laravel\\framework\\src\\Illuminate\\Routing\\Router.php(906): Illuminate\\Http\\Response->__construct(Object(Illuminate\\View\\View), 200, Array)
#12 D:\\----- 1. Kuliah\\2. Bahan - bahan Kuliah\\✨ SEMESTER 4\\PEMROGRAMAN FRAMEWORK - IS-04-04\\Pertemuan 4\\Laravel Project\\modul-3\\vendor\\laravel\\framework\\src\\Illuminate\\Routing\\Router.php(875): Illuminate\\Routing\\Router::toResponse(Object(Illuminate\\Http\\Request), Object(Illuminate\\View\\View))
#13 D:\\----- 1. Kuliah\\2. Bahan - bahan Kuliah\\✨ SEMESTER 4\\PEMROGRAMAN FRAMEWORK - IS-04-04\\Pertemuan 4\\Laravel Project\\modul-3\\vendor\\laravel\\framework\\src\\Illuminate\\Routing\\Router.php(797): Illuminate\\Routing\\Router->prepareResponse(Object(Illuminate\\Http\\Request), Object(Illuminate\\View\\View))
#14 D:\\----- 1. Kuliah\\2. Bahan - bahan Kuliah\\✨ SEMESTER 4\\PEMROGRAMAN FRAMEWORK - IS-04-04\\Pertemuan 4\\Laravel Project\\modul-3\\vendor\\laravel\\framework\\src\\Illuminate\\Pipeline\\Pipeline.php(141): Illuminate\\Routing\\Router->Illuminate\\Routing\\{closure}(Object(Illuminate\\Http\\Request))
#15 D:\\----- 1. Kuliah\\2. Bahan - bahan Kuliah\\✨ SEMESTER 4\\PEMROGRAMAN FRAMEWORK - IS-04-04\\Pertemuan 4\\Laravel Project\\modul-3\\vendor\\laravel\\framework\\src\\Illuminate\\Routing\\Middleware\\SubstituteBindings.php(50): Illuminate\\Pipeline\\Pipeline->Illuminate\\Pipeline\\{closure}(Object(Illuminate\\Http\\Request))
#16 D:\\----- 1. Kuliah\\2. Bahan - bahan Kuliah\\✨ SEMESTER 4\\PEMROGRAMAN FRAMEWORK - IS-04-04\\Pertemuan 4\\Laravel Project\\modul-3\\vendor\\laravel\\framework\\src\\Illuminate\\Pipeline\\Pipeline.php(180): Illuminate\\Routing\\Middleware\\SubstituteBindings->handle(Object(Illuminate\\Http\\Request), Object(Closure))
#17 D:\\----- 1. Kuliah\\2. Bahan - bahan Kuliah\\✨ SEMESTER 4\\PEMROGRAMAN FRAMEWORK - IS-04-04\\Pertemuan 4\\Laravel Project\\modul-3\\vendor\\laravel\\framework\\src\\Illuminate\\Foundation\\Http\\Middleware\\VerifyCsrfToken.php(78): Illuminate\\Pipeline\\Pipeline->Illuminate\\Pipeline\\{closure}(Object(Illuminate\\Http\\Request))
#18 D:\\----- 1. Kuliah\\2. Bahan - bahan Kuliah\\✨ SEMESTER 4\\PEMROGRAMAN FRAMEWORK - IS-04-04\\Pertemuan 4\\Laravel Project\\modul-3\\vendor\\laravel\\framework\\src\\Illuminate\\Pipeline\\Pipeline.php(180): Illuminate\\Foundation\\Http\\Middleware\\VerifyCsrfToken->handle(Object(Illuminate\\Http\\Request), Object(Closure))
#19 D:\\----- 1. Kuliah\\2. Bahan - bahan Kuliah\\✨ SEMESTER 4\\PEMROGRAMAN FRAMEWORK - IS-04-04\\Pertemuan 4\\Laravel Project\\modul-3\\vendor\\laravel\\framework\\src\\Illuminate\\View\\Middleware\\ShareErrorsFromSession.php(49): Illuminate\\Pipeline\\Pipeline->Illuminate\\Pipeline\\{closure}(Object(Illuminate\\Http\\Request))
#20 D:\\----- 1. Kuliah\\2. Bahan - bahan Kuliah\\✨ SEMESTER 4\\PEMROGRAMAN FRAMEWORK - IS-04-04\\Pertemuan 4\\Laravel Project\\modul-3\\vendor\\laravel\\framework\\src\\Illuminate\\Pipeline\\Pipeline.php(180): Illuminate\\View\\Middleware\\ShareErrorsFromSession->handle(Object(Illuminate\\Http\\Request), Object(Closure))
#21 D:\\----- 1. Kuliah\\2. Bahan - bahan Kuliah\\✨ SEMESTER 4\\PEMROGRAMAN FRAMEWORK - IS-04-04\\Pertemuan 4\\Laravel Project\\modul-3\\vendor\\laravel\\framework\\src\\Illuminate\\Session\\Middleware\\StartSession.php(121): Illuminate\\Pipeline\\Pipeline->Illuminate\\Pipeline\\{closure}(Object(Illuminate\\Http\\Request))
#22 D:\\----- 1. Kuliah\\2. Bahan - bahan Kuliah\\✨ SEMESTER 4\\PEMROGRAMAN FRAMEWORK - IS-04-04\\Pertemuan 4\\Laravel Project\\modul-3\\vendor\\laravel\\framework\\src\\Illuminate\\Session\\Middleware\\StartSession.php(64): Illuminate\\Session\\Middleware\\StartSession->handleStatefulRequest(Object(Illuminate\\Http\\Request), Object(Illuminate\\Session\\Store), Object(Closure))
#23 D:\\----- 1. Kuliah\\2. Bahan - bahan Kuliah\\✨ SEMESTER 4\\PEMROGRAMAN FRAMEWORK - IS-04-04\\Pertemuan 4\\Laravel Project\\modul-3\\vendor\\laravel\\framework\\src\\Illuminate\\Pipeline\\Pipeline.php(180): Illuminate\\Session\\Middleware\\StartSession->handle(Object(Illuminate\\Http\\Request), Object(Closure))
#24 D:\\----- 1. Kuliah\\2. Bahan - bahan Kuliah\\✨ SEMESTER 4\\PEMROGRAMAN FRAMEWORK - IS-04-04\\Pertemuan 4\\Laravel Project\\modul-3\\vendor\\laravel\\framework\\src\\Illuminate\\Cookie\\Middleware\\AddQueuedCookiesToResponse.php(37): Illuminate\\Pipeline\\Pipeline->Illuminate\\Pipeline\\{closure}(Object(Illuminate\\Http\\Request))
#25 D:\\----- 1. Kuliah\\2. Bahan - bahan Kuliah\\✨ SEMESTER 4\\PEMROGRAMAN FRAMEWORK - IS-04-04\\Pertemuan 4\\Laravel Project\\modul-3\\vendor\\laravel\\framework\\src\\Illuminate\\Pipeline\\Pipeline.php(180): Illuminate\\Cookie\\Middleware\\AddQueuedCookiesToResponse->handle(Object(Illuminate\\Http\\Request), Object(Closure))
#26 D:\\----- 1. Kuliah\\2. Bahan - bahan Kuliah\\✨ SEMESTER 4\\PEMROGRAMAN FRAMEWORK - IS-04-04\\Pertemuan 4\\Laravel Project\\modul-3\\vendor\\laravel\\framework\\src\\Illuminate\\Cookie\\Middleware\\EncryptCookies.php(67): Illuminate\\Pipeline\\Pipeline->Illuminate\\Pipeline\\{closure}(Object(Illuminate\\Http\\Request))
#27 D:\\----- 1. Kuliah\\2. Bahan - bahan Kuliah\\✨ SEMESTER 4\\PEMROGRAMAN FRAMEWORK - IS-04-04\\Pertemuan 4\\Laravel Project\\modul-3\\vendor\\laravel\\framework\\src\\Illuminate\\Pipeline\\Pipeline.php(180): Illuminate\\Cookie\\Middleware\\EncryptCookies->handle(Object(Illuminate\\Http\\Request), Object(Closure))
#28 D:\\----- 1. Kuliah\\2. Bahan - bahan Kuliah\\✨ SEMESTER 4\\PEMROGRAMAN FRAMEWORK - IS-04-04\\Pertemuan 4\\Laravel Project\\modul-3\\vendor\\laravel\\framework\\src\\Illuminate\\Pipeline\\Pipeline.php(116): Illuminate\\Pipeline\\Pipeline->Illuminate\\Pipeline\\{closure}(Object(Illuminate\\Http\\Request))
#29 D:\\----- 1. Kuliah\\2. Bahan - bahan Kuliah\\✨ SEMESTER 4\\PEMROGRAMAN FRAMEWORK - IS-04-04\\Pertemuan 4\\Laravel Project\\modul-3\\vendor\\laravel\\framework\\src\\Illuminate\\Routing\\Router.php(797): Illuminate\\Pipeline\\Pipeline->then(Object(Closure))
#30 D:\\----- 1. Kuliah\\2. Bahan - bahan Kuliah\\✨ SEMESTER 4\\PEMROGRAMAN FRAMEWORK - IS-04-04\\Pertemuan 4\\Laravel Project\\modul-3\\vendor\\laravel\\framework\\src\\Illuminate\\Routing\\Router.php(776): Illuminate\\Routing\\Router->runRouteWithinStack(Object(Illuminate\\Routing\\Route), Object(Illuminate\\Http\\Request))
#31 D:\\----- 1. Kuliah\\2. Bahan - bahan Kuliah\\✨ SEMESTER 4\\PEMROGRAMAN FRAMEWORK - IS-04-04\\Pertemuan 4\\Laravel Project\\modul-3\\vendor\\laravel\\framework\\src\\Illuminate\\Routing\\Router.php(740): Illuminate\\Routing\\Router->runRoute(Object(Illuminate\\Http\\Request), Object(Illuminate\\Routing\\Route))
#32 D:\\----- 1. Kuliah\\2. Bahan - bahan Kuliah\\✨ SEMESTER 4\\PEMROGRAMAN FRAMEWORK - IS-04-04\\Pertemuan 4\\Laravel Project\\modul-3\\vendor\\laravel\\framework\\src\\Illuminate\\Routing\\Router.php(729): Illuminate\\Routing\\Router->dispatchToRoute(Object(Illuminate\\Http\\Request))
#33 D:\\----- 1. Kuliah\\2. Bahan - bahan Kuliah\\✨ SEMESTER 4\\PEMROGRAMAN FRAMEWORK - IS-04-04\\Pertemuan 4\\Laravel Project\\modul-3\\vendor\\laravel\\framework\\src\\Illuminate\\Foundation\\Http\\Kernel.php(200): Illuminate\\Routing\\Router->dispatch(Object(Illuminate\\Http\\Request))
#34 D:\\----- 1. Kuliah\\2. Bahan - bahan Kuliah\\✨ SEMESTER 4\\PEMROGRAMAN FRAMEWORK - IS-04-04\\Pertemuan 4\\Laravel Project\\modul-3\\vendor\\laravel\\framework\\src\\Illuminate\\Pipeline\\Pipeline.php(141): Illuminate\\Foundation\\Http\\Kernel->Illuminate\\Foundation\\Http\\{closure}(Object(Illuminate\\Http\\Request))
#35 D:\\----- 1. Kuliah\\2. Bahan - bahan Kuliah\\✨ SEMESTER 4\\PEMROGRAMAN FRAMEWORK - IS-04-04\\Pertemuan 4\\Laravel Project\\modul-3\\vendor\\laravel\\framework\\src\\Illuminate\\Foundation\\Http\\Middleware\\TransformsRequest.php(21): Illuminate\\Pipeline\\Pipeline->Illuminate\\Pipeline\\{closure}(Object(Illuminate\\Http\\Request))
#36 D:\\----- 1. Kuliah\\2. Bahan - bahan Kuliah\\✨ SEMESTER 4\\PEMROGRAMAN FRAMEWORK - IS-04-04\\Pertemuan 4\\Laravel Project\\modul-3\\vendor\\laravel\\framework\\src\\Illuminate\\Foundation\\Http\\Middleware\\ConvertEmptyStringsToNull.php(31): Illuminate\\Foundation\\Http\\Middleware\\TransformsRequest->handle(Object(Illuminate\\Http\\Request), Object(Closure))
#37 D:\\----- 1. Kuliah\\2. Bahan - bahan Kuliah\\✨ SEMESTER 4\\PEMROGRAMAN FRAMEWORK - IS-04-04\\Pertemuan 4\\Laravel Project\\modul-3\\vendor\\laravel\\framework\\src\\Illuminate\\Pipeline\\Pipeline.php(180): Illuminate\\Foundation\\Http\\Middleware\\ConvertEmptyStringsToNull->handle(Object(Illuminate\\Http\\Request), Object(Closure))
#38 D:\\----- 1. Kuliah\\2. Bahan - bahan Kuliah\\✨ SEMESTER 4\\PEMROGRAMAN FRAMEWORK - IS-04-04\\Pertemuan 4\\Laravel Project\\modul-3\\vendor\\laravel\\framework\\src\\Illuminate\\Foundation\\Http\\Middleware\\TransformsRequest.php(21): Illuminate\\Pipeline\\Pipeline->Illuminate\\Pipeline\\{closure}(Object(Illuminate\\Http\\Request))
#39 D:\\----- 1. Kuliah\\2. Bahan - bahan Kuliah\\✨ SEMESTER 4\\PEMROGRAMAN FRAMEWORK - IS-04-04\\Pertemuan 4\\Laravel Project\\modul-3\\vendor\\laravel\\framework\\src\\Illuminate\\Foundation\\Http\\Middleware\\TrimStrings.php(40): Illuminate\\Foundation\\Http\\Middleware\\TransformsRequest->handle(Object(Illuminate\\Http\\Request), Object(Closure))
#40 D:\\----- 1. Kuliah\\2. Bahan - bahan Kuliah\\✨ SEMESTER 4\\PEMROGRAMAN FRAMEWORK - IS-04-04\\Pertemuan 4\\Laravel Project\\modul-3\\vendor\\laravel\\framework\\src\\Illuminate\\Pipeline\\Pipeline.php(180): Illuminate\\Foundation\\Http\\Middleware\\TrimStrings->handle(Object(Illuminate\\Http\\Request), Object(Closure))
#41 D:\\----- 1. Kuliah\\2. Bahan - bahan Kuliah\\✨ SEMESTER 4\\PEMROGRAMAN FRAMEWORK - IS-04-04\\Pertemuan 4\\Laravel Project\\modul-3\\vendor\\laravel\\framework\\src\\Illuminate\\Foundation\\Http\\Middleware\\ValidatePostSize.php(27): Illuminate\\Pipeline\\Pipeline->Illuminate\\Pipeline\\{closure}(Object(Illuminate\\Http\\Request))
#42 D:\\----- 1. Kuliah\\2. Bahan - bahan Kuliah\\✨ SEMESTER 4\\PEMROGRAMAN FRAMEWORK - IS-04-04\\Pertemuan 4\\Laravel Project\\modul-3\\vendor\\laravel\\framework\\src\\Illuminate\\Pipeline\\Pipeline.php(180): Illuminate\\Foundation\\Http\\Middleware\\ValidatePostSize->handle(Object(Illuminate\\Http\\Request), Object(Closure))
#43 D:\\----- 1. Kuliah\\2. Bahan - bahan Kuliah\\✨ SEMESTER 4\\PEMROGRAMAN FRAMEWORK - IS-04-04\\Pertemuan 4\\Laravel Project\\modul-3\\vendor\\laravel\\framework\\src\\Illuminate\\Foundation\\Http\\Middleware\\PreventRequestsDuringMaintenance.php(86): Illuminate\\Pipeline\\Pipeline->Illuminate\\Pipeline\\{closure}(Object(Illuminate\\Http\\Request))
#44 D:\\----- 1. Kuliah\\2. Bahan - bahan Kuliah\\✨ SEMESTER 4\\PEMROGRAMAN FRAMEWORK - IS-04-04\\Pertemuan 4\\Laravel Project\\modul-3\\vendor\\laravel\\framework\\src\\Illuminate\\Pipeline\\Pipeline.php(180): Illuminate\\Foundation\\Http\\Middleware\\PreventRequestsDuringMaintenance->handle(Object(Illuminate\\Http\\Request), Object(Closure))
#45 D:\\----- 1. Kuliah\\2. Bahan - bahan Kuliah\\✨ SEMESTER 4\\PEMROGRAMAN FRAMEWORK - IS-04-04\\Pertemuan 4\\Laravel Project\\modul-3\\vendor\\laravel\\framework\\src\\Illuminate\\Http\\Middleware\\HandleCors.php(49): Illuminate\\Pipeline\\Pipeline->Illuminate\\Pipeline\\{closure}(Object(Illuminate\\Http\\Request))
#46 D:\\----- 1. Kuliah\\2. Bahan - bahan Kuliah\\✨ SEMESTER 4\\PEMROGRAMAN FRAMEWORK - IS-04-04\\Pertemuan 4\\Laravel Project\\modul-3\\vendor\\laravel\\framework\\src\\Illuminate\\Pipeline\\Pipeline.php(180): Illuminate\\Http\\Middleware\\HandleCors->handle(Object(Illuminate\\Http\\Request), Object(Closure))
#47 D:\\----- 1. Kuliah\\2. Bahan - bahan Kuliah\\✨ SEMESTER 4\\PEMROGRAMAN FRAMEWORK - IS-04-04\\Pertemuan 4\\Laravel Project\\modul-3\\vendor\\laravel\\framework\\src\\Illuminate\\Http\\Middleware\\TrustProxies.php(39): Illuminate\\Pipeline\\Pipeline->Illuminate\\Pipeline\\{closure}(Object(Illuminate\\Http\\Request))
#48 D:\\----- 1. Kuliah\\2. Bahan - bahan Kuliah\\✨ SEMESTER 4\\PEMROGRAMAN FRAMEWORK - IS-04-04\\Pertemuan 4\\Laravel Project\\modul-3\\vendor\\laravel\\framework\\src\\Illuminate\\Pipeline\\Pipeline.php(180): Illuminate\\Http\\Middleware\\TrustProxies->handle(Object(Illuminate\\Http\\Request), Object(Closure))
#49 D:\\----- 1. Kuliah\\2. Bahan - bahan Kuliah\\✨ SEMESTER 4\\PEMROGRAMAN FRAMEWORK - IS-04-04\\Pertemuan 4\\Laravel Project\\modul-3\\vendor\\laravel\\framework\\src\\Illuminate\\Pipeline\\Pipeline.php(116): Illuminate\\Pipeline\\Pipeline->Illuminate\\Pipeline\\{closure}(Object(Illuminate\\Http\\Request))
#50 D:\\----- 1. Kuliah\\2. Bahan - bahan Kuliah\\✨ SEMESTER 4\\PEMROGRAMAN FRAMEWORK - IS-04-04\\Pertemuan 4\\Laravel Project\\modul-3\\vendor\\laravel\\framework\\src\\Illuminate\\Foundation\\Http\\Kernel.php(175): Illuminate\\Pipeline\\Pipeline->then(Object(Closure))
#51 D:\\----- 1. Kuliah\\2. Bahan - bahan Kuliah\\✨ SEMESTER 4\\PEMROGRAMAN FRAMEWORK - IS-04-04\\Pertemuan 4\\Laravel Project\\modul-3\\vendor\\laravel\\framework\\src\\Illuminate\\Foundation\\Http\\Kernel.php(144): Illuminate\\Foundation\\Http\\Kernel->sendRequestThroughRouter(Object(Illuminate\\Http\\Request))
#52 D:\\----- 1. Kuliah\\2. Bahan - bahan Kuliah\\✨ SEMESTER 4\\PEMROGRAMAN FRAMEWORK - IS-04-04\\Pertemuan 4\\Laravel Project\\modul-3\\public\\index.php(51): Illuminate\\Foundation\\Http\\Kernel->handle(Object(Illuminate\\Http\\Request))
#53 D:\\----- 1. Kuliah\\2. Bahan - bahan Kuliah\\✨ SEMESTER 4\\PEMROGRAMAN FRAMEWORK - IS-04-04\\Pertemuan 4\\Laravel Project\\modul-3\\vendor\\laravel\\framework\\src\\Illuminate\\Foundation\\resources\\server.php(16): require_once('D:\\\\----- 1. Kul...')
#54 {main}

[previous exception] [object] (ErrorException(code: 0): Undefined variable $name at D:\\----- 1. Kuliah\\2. Bahan - bahan Kuliah\\✨ SEMESTER 4\\PEMROGRAMAN FRAMEWORK - IS-04-04\\Pertemuan 4\\Laravel Project\\modul-3\\storage\\framework\\views\\3963de0afd0ac5b35b0ffa62b6f92a3a.php:31)
[stacktrace]
#0 D:\\----- 1. Kuliah\\2. Bahan - bahan Kuliah\\✨ SEMESTER 4\\PEMROGRAMAN FRAMEWORK - IS-04-04\\Pertemuan 4\\Laravel Project\\modul-3\\vendor\\laravel\\framework\\src\\Illuminate\\Foundation\\Bootstrap\\HandleExceptions.php(254): Illuminate\\Foundation\\Bootstrap\\HandleExceptions->handleError(2, 'Undefined varia...', 'D:\\\\----- 1. Kul...', 31)
#1 D:\\----- 1. Kuliah\\2. Bahan - bahan Kuliah\\✨ SEMESTER 4\\PEMROGRAMAN FRAMEWORK - IS-04-04\\Pertemuan 4\\Laravel Project\\modul-3\\storage\\framework\\views\\3963de0afd0ac5b35b0ffa62b6f92a3a.php(31): Illuminate\\Foundation\\Bootstrap\\HandleExceptions->Illuminate\\Foundation\\Bootstrap\\{closure}(2, 'Undefined varia...', 'D:\\\\----- 1. Kul...', 31)
#2 D:\\----- 1. Kuliah\\2. Bahan - bahan Kuliah\\✨ SEMESTER 4\\PEMROGRAMAN FRAMEWORK - IS-04-04\\Pertemuan 4\\Laravel Project\\modul-3\\vendor\\laravel\\framework\\src\\Illuminate\\Filesystem\\Filesystem.php(124): require('D:\\\\----- 1. Kul...')
#3 D:\\----- 1. Kuliah\\2. Bahan - bahan Kuliah\\✨ SEMESTER 4\\PEMROGRAMAN FRAMEWORK - IS-04-04\\Pertemuan 4\\Laravel Project\\modul-3\\vendor\\laravel\\framework\\src\\Illuminate\\Filesystem\\Filesystem.php(125): Illuminate\\Filesystem\\Filesystem::Illuminate\\Filesystem\\{closure}()
#4 D:\\----- 1. Kuliah\\2. Bahan - bahan Kuliah\\✨ SEMESTER 4\\PEMROGRAMAN FRAMEWORK - IS-04-04\\Pertemuan 4\\Laravel Project\\modul-3\\vendor\\laravel\\framework\\src\\Illuminate\\View\\Engines\\PhpEngine.php(58): Illuminate\\Filesystem\\Filesystem->getRequire('D:\\\\----- 1. Kul...', Array)
#5 D:\\----- 1. Kuliah\\2. Bahan - bahan Kuliah\\✨ SEMESTER 4\\PEMROGRAMAN FRAMEWORK - IS-04-04\\Pertemuan 4\\Laravel Project\\modul-3\\vendor\\laravel\\framework\\src\\Illuminate\\View\\Engines\\CompilerEngine.php(70): Illuminate\\View\\Engines\\PhpEngine->evaluatePath('D:\\\\----- 1. Kul...', Array)
#6 D:\\----- 1. Kuliah\\2. Bahan - bahan Kuliah\\✨ SEMESTER 4\\PEMROGRAMAN FRAMEWORK - IS-04-04\\Pertemuan 4\\Laravel Project\\modul-3\\vendor\\laravel\\framework\\src\\Illuminate\\View\\View.php(195): Illuminate\\View\\Engines\\CompilerEngine->get('D:\\\\----- 1. Kul...', Array)
#7 D:\\----- 1. Kuliah\\2. Bahan - bahan Kuliah\\✨ SEMESTER 4\\PEMROGRAMAN FRAMEWORK - IS-04-04\\Pertemuan 4\\Laravel Project\\modul-3\\vendor\\laravel\\framework\\src\\Illuminate\\View\\View.php(178): Illuminate\\View\\View->getContents()
#8 D:\\----- 1. Kuliah\\2. Bahan - bahan Kuliah\\✨ SEMESTER 4\\PEMROGRAMAN FRAMEWORK - IS-04-04\\Pertemuan 4\\Laravel Project\\modul-3\\vendor\\laravel\\framework\\src\\Illuminate\\View\\View.php(147): Illuminate\\View\\View->renderContents()
#9 D:\\----- 1. Kuliah\\2. Bahan - bahan Kuliah\\✨ SEMESTER 4\\PEMROGRAMAN FRAMEWORK - IS-04-04\\Pertemuan 4\\Laravel Project\\modul-3\\vendor\\laravel\\framework\\src\\Illuminate\\Http\\Response.php(69): Illuminate\\View\\View->render()
#10 D:\\----- 1. Kuliah\\2. Bahan - bahan Kuliah\\✨ SEMESTER 4\\PEMROGRAMAN FRAMEWORK - IS-04-04\\Pertemuan 4\\Laravel Project\\modul-3\\vendor\\laravel\\framework\\src\\Illuminate\\Http\\Response.php(35): Illuminate\\Http\\Response->setContent(Object(Illuminate\\View\\View))
#11 D:\\----- 1. Kuliah\\2. Bahan - bahan Kuliah\\✨ SEMESTER 4\\PEMROGRAMAN FRAMEWORK - IS-04-04\\Pertemuan 4\\Laravel Project\\modul-3\\vendor\\laravel\\framework\\src\\Illuminate\\Routing\\Router.php(906): Illuminate\\Http\\Response->__construct(Object(Illuminate\\View\\View), 200, Array)
#12 D:\\----- 1. Kuliah\\2. Bahan - bahan Kuliah\\✨ SEMESTER 4\\PEMROGRAMAN FRAMEWORK - IS-04-04\\Pertemuan 4\\Laravel Project\\modul-3\\vendor\\laravel\\framework\\src\\Illuminate\\Routing\\Router.php(875): Illuminate\\Routing\\Router::toResponse(Object(Illuminate\\Http\\Request), Object(Illuminate\\View\\View))
#13 D:\\----- 1. Kuliah\\2. Bahan - bahan Kuliah\\✨ SEMESTER 4\\PEMROGRAMAN FRAMEWORK - IS-04-04\\Pertemuan 4\\Laravel Project\\modul-3\\vendor\\laravel\\framework\\src\\Illuminate\\Routing\\Router.php(797): Illuminate\\Routing\\Router->prepareResponse(Object(Illuminate\\Http\\Request), Object(Illuminate\\View\\View))
#14 D:\\----- 1. Kuliah\\2. Bahan - bahan Kuliah\\✨ SEMESTER 4\\PEMROGRAMAN FRAMEWORK - IS-04-04\\Pertemuan 4\\Laravel Project\\modul-3\\vendor\\laravel\\framework\\src\\Illuminate\\Pipeline\\Pipeline.php(141): Illuminate\\Routing\\Router->Illuminate\\Routing\\{closure}(Object(Illuminate\\Http\\Request))
#15 D:\\----- 1. Kuliah\\2. Bahan - bahan Kuliah\\✨ SEMESTER 4\\PEMROGRAMAN FRAMEWORK - IS-04-04\\Pertemuan 4\\Laravel Project\\modul-3\\vendor\\laravel\\framework\\src\\Illuminate\\Routing\\Middleware\\SubstituteBindings.php(50): Illuminate\\Pipeline\\Pipeline->Illuminate\\Pipeline\\{closure}(Object(Illuminate\\Http\\Request))
#16 D:\\----- 1. Kuliah\\2. Bahan - bahan Kuliah\\✨ SEMESTER 4\\PEMROGRAMAN FRAMEWORK - IS-04-04\\Pertemuan 4\\Laravel Project\\modul-3\\vendor\\laravel\\framework\\src\\Illuminate\\Pipeline\\Pipeline.php(180): Illuminate\\Routing\\Middleware\\SubstituteBindings->handle(Object(Illuminate\\Http\\Request), Object(Closure))
#17 D:\\----- 1. Kuliah\\2. Bahan - bahan Kuliah\\✨ SEMESTER 4\\PEMROGRAMAN FRAMEWORK - IS-04-04\\Pertemuan 4\\Laravel Project\\modul-3\\vendor\\laravel\\framework\\src\\Illuminate\\Foundation\\Http\\Middleware\\VerifyCsrfToken.php(78): Illuminate\\Pipeline\\Pipeline->Illuminate\\Pipeline\\{closure}(Object(Illuminate\\Http\\Request))
#18 D:\\----- 1. Kuliah\\2. Bahan - bahan Kuliah\\✨ SEMESTER 4\\PEMROGRAMAN FRAMEWORK - IS-04-04\\Pertemuan 4\\Laravel Project\\modul-3\\vendor\\laravel\\framework\\src\\Illuminate\\Pipeline\\Pipeline.php(180): Illuminate\\Foundation\\Http\\Middleware\\VerifyCsrfToken->handle(Object(Illuminate\\Http\\Request), Object(Closure))
#19 D:\\----- 1. Kuliah\\2. Bahan - bahan Kuliah\\✨ SEMESTER 4\\PEMROGRAMAN FRAMEWORK - IS-04-04\\Pertemuan 4\\Laravel Project\\modul-3\\vendor\\laravel\\framework\\src\\Illuminate\\View\\Middleware\\ShareErrorsFromSession.php(49): Illuminate\\Pipeline\\Pipeline->Illuminate\\Pipeline\\{closure}(Object(Illuminate\\Http\\Request))
#20 D:\\----- 1. Kuliah\\2. Bahan - bahan Kuliah\\✨ SEMESTER 4\\PEMROGRAMAN FRAMEWORK - IS-04-04\\Pertemuan 4\\Laravel Project\\modul-3\\vendor\\laravel\\framework\\src\\Illuminate\\Pipeline\\Pipeline.php(180): Illuminate\\View\\Middleware\\ShareErrorsFromSession->handle(Object(Illuminate\\Http\\Request), Object(Closure))
#21 D:\\----- 1. Kuliah\\2. Bahan - bahan Kuliah\\✨ SEMESTER 4\\PEMROGRAMAN FRAMEWORK - IS-04-04\\Pertemuan 4\\Laravel Project\\modul-3\\vendor\\laravel\\framework\\src\\Illuminate\\Session\\Middleware\\StartSession.php(121): Illuminate\\Pipeline\\Pipeline->Illuminate\\Pipeline\\{closure}(Object(Illuminate\\Http\\Request))
#22 D:\\----- 1. Kuliah\\2. Bahan - bahan Kuliah\\✨ SEMESTER 4\\PEMROGRAMAN FRAMEWORK - IS-04-04\\Pertemuan 4\\Laravel Project\\modul-3\\vendor\\laravel\\framework\\src\\Illuminate\\Session\\Middleware\\StartSession.php(64): Illuminate\\Session\\Middleware\\StartSession->handleStatefulRequest(Object(Illuminate\\Http\\Request), Object(Illuminate\\Session\\Store), Object(Closure))
#23 D:\\----- 1. Kuliah\\2. Bahan - bahan Kuliah\\✨ SEMESTER 4\\PEMROGRAMAN FRAMEWORK - IS-04-04\\Pertemuan 4\\Laravel Project\\modul-3\\vendor\\laravel\\framework\\src\\Illuminate\\Pipeline\\Pipeline.php(180): Illuminate\\Session\\Middleware\\StartSession->handle(Object(Illuminate\\Http\\Request), Object(Closure))
#24 D:\\----- 1. Kuliah\\2. Bahan - bahan Kuliah\\✨ SEMESTER 4\\PEMROGRAMAN FRAMEWORK - IS-04-04\\Pertemuan 4\\Laravel Project\\modul-3\\vendor\\laravel\\framework\\src\\Illuminate\\Cookie\\Middleware\\AddQueuedCookiesToResponse.php(37): Illuminate\\Pipeline\\Pipeline->Illuminate\\Pipeline\\{closure}(Object(Illuminate\\Http\\Request))
#25 D:\\----- 1. Kuliah\\2. Bahan - bahan Kuliah\\✨ SEMESTER 4\\PEMROGRAMAN FRAMEWORK - IS-04-04\\Pertemuan 4\\Laravel Project\\modul-3\\vendor\\laravel\\framework\\src\\Illuminate\\Pipeline\\Pipeline.php(180): Illuminate\\Cookie\\Middleware\\AddQueuedCookiesToResponse->handle(Object(Illuminate\\Http\\Request), Object(Closure))
#26 D:\\----- 1. Kuliah\\2. Bahan - bahan Kuliah\\✨ SEMESTER 4\\PEMROGRAMAN FRAMEWORK - IS-04-04\\Pertemuan 4\\Laravel Project\\modul-3\\vendor\\laravel\\framework\\src\\Illuminate\\Cookie\\Middleware\\EncryptCookies.php(67): Illuminate\\Pipeline\\Pipeline->Illuminate\\Pipeline\\{closure}(Object(Illuminate\\Http\\Request))
#27 D:\\----- 1. Kuliah\\2. Bahan - bahan Kuliah\\✨ SEMESTER 4\\PEMROGRAMAN FRAMEWORK - IS-04-04\\Pertemuan 4\\Laravel Project\\modul-3\\vendor\\laravel\\framework\\src\\Illuminate\\Pipeline\\Pipeline.php(180): Illuminate\\Cookie\\Middleware\\EncryptCookies->handle(Object(Illuminate\\Http\\Request), Object(Closure))
#28 D:\\----- 1. Kuliah\\2. Bahan - bahan Kuliah\\✨ SEMESTER 4\\PEMROGRAMAN FRAMEWORK - IS-04-04\\Pertemuan 4\\Laravel Project\\modul-3\\vendor\\laravel\\framework\\src\\Illuminate\\Pipeline\\Pipeline.php(116): Illuminate\\Pipeline\\Pipeline->Illuminate\\Pipeline\\{closure}(Object(Illuminate\\Http\\Request))
#29 D:\\----- 1. Kuliah\\2. Bahan - bahan Kuliah\\✨ SEMESTER 4\\PEMROGRAMAN FRAMEWORK - IS-04-04\\Pertemuan 4\\Laravel Project\\modul-3\\vendor\\laravel\\framework\\src\\Illuminate\\Routing\\Router.php(797): Illuminate\\Pipeline\\Pipeline->then(Object(Closure))
#30 D:\\----- 1. Kuliah\\2. Bahan - bahan Kuliah\\✨ SEMESTER 4\\PEMROGRAMAN FRAMEWORK - IS-04-04\\Pertemuan 4\\Laravel Project\\modul-3\\vendor\\laravel\\framework\\src\\Illuminate\\Routing\\Router.php(776): Illuminate\\Routing\\Router->runRouteWithinStack(Object(Illuminate\\Routing\\Route), Object(Illuminate\\Http\\Request))
#31 D:\\----- 1. Kuliah\\2. Bahan - bahan Kuliah\\✨ SEMESTER 4\\PEMROGRAMAN FRAMEWORK - IS-04-04\\Pertemuan 4\\Laravel Project\\modul-3\\vendor\\laravel\\framework\\src\\Illuminate\\Routing\\Router.php(740): Illuminate\\Routing\\Router->runRoute(Object(Illuminate\\Http\\Request), Object(Illuminate\\Routing\\Route))
#32 D:\\----- 1. Kuliah\\2. Bahan - bahan Kuliah\\✨ SEMESTER 4\\PEMROGRAMAN FRAMEWORK - IS-04-04\\Pertemuan 4\\Laravel Project\\modul-3\\vendor\\laravel\\framework\\src\\Illuminate\\Routing\\Router.php(729): Illuminate\\Routing\\Router->dispatchToRoute(Object(Illuminate\\Http\\Request))
#33 D:\\----- 1. Kuliah\\2. Bahan - bahan Kuliah\\✨ SEMESTER 4\\PEMROGRAMAN FRAMEWORK - IS-04-04\\Pertemuan 4\\Laravel Project\\modul-3\\vendor\\laravel\\framework\\src\\Illuminate\\Foundation\\Http\\Kernel.php(200): Illuminate\\Routing\\Router->dispatch(Object(Illuminate\\Http\\Request))
#34 D:\\----- 1. Kuliah\\2. Bahan - bahan Kuliah\\✨ SEMESTER 4\\PEMROGRAMAN FRAMEWORK - IS-04-04\\Pertemuan 4\\Laravel Project\\modul-3\\vendor\\laravel\\framework\\src\\Illuminate\\Pipeline\\Pipeline.php(141): Illuminate\\Foundation\\Http\\Kernel->Illuminate\\Foundation\\Http\\{closure}(Object(Illuminate\\Http\\Request))
#35 D:\\----- 1. Kuliah\\2. Bahan - bahan Kuliah\\✨ SEMESTER 4\\PEMROGRAMAN FRAMEWORK - IS-04-04\\Pertemuan 4\\Laravel Project\\modul-3\\vendor\\laravel\\framework\\src\\Illuminate\\Foundation\\Http\\Middleware\\TransformsRequest.php(21): Illuminate\\Pipeline\\Pipeline->Illuminate\\Pipeline\\{closure}(Object(Illuminate\\Http\\Request))
#36 D:\\----- 1. Kuliah\\2. Bahan - bahan Kuliah\\✨ SEMESTER 4\\PEMROGRAMAN FRAMEWORK - IS-04-04\\Pertemuan 4\\Laravel Project\\modul-3\\vendor\\laravel\\framework\\src\\Illuminate\\Foundation\\Http\\Middleware\\ConvertEmptyStringsToNull.php(31): Illuminate\\Foundation\\Http\\Middleware\\TransformsRequest->handle(Object(Illuminate\\Http\\Request), Object(Closure))
#37 D:\\----- 1. Kuliah\\2. Bahan - bahan Kuliah\\✨ SEMESTER 4\\PEMROGRAMAN FRAMEWORK - IS-04-04\\Pertemuan 4\\Laravel Project\\modul-3\\vendor\\laravel\\framework\\src\\Illuminate\\Pipeline\\Pipeline.php(180): Illuminate\\Foundation\\Http\\Middleware\\ConvertEmptyStringsToNull->handle(Object(Illuminate\\Http\\Request), Object(Closure))
#38 D:\\----- 1. Kuliah\\2. Bahan - bahan Kuliah\\✨ SEMESTER 4\\PEMROGRAMAN FRAMEWORK - IS-04-04\\Pertemuan 4\\Laravel Project\\modul-3\\vendor\\laravel\\framework\\src\\Illuminate\\Foundation\\Http\\Middleware\\TransformsRequest.php(21): Illuminate\\Pipeline\\Pipeline->Illuminate\\Pipeline\\{closure}(Object(Illuminate\\Http\\Request))
#39 D:\\----- 1. Kuliah\\2. Bahan - bahan Kuliah\\✨ SEMESTER 4\\PEMROGRAMAN FRAMEWORK - IS-04-04\\Pertemuan 4\\Laravel Project\\modul-3\\vendor\\laravel\\framework\\src\\Illuminate\\Foundation\\Http\\Middleware\\TrimStrings.php(40): Illuminate\\Foundation\\Http\\Middleware\\TransformsRequest->handle(Object(Illuminate\\Http\\Request), Object(Closure))
#40 D:\\----- 1. Kuliah\\2. Bahan - bahan Kuliah\\✨ SEMESTER 4\\PEMROGRAMAN FRAMEWORK - IS-04-04\\Pertemuan 4\\Laravel Project\\modul-3\\vendor\\laravel\\framework\\src\\Illuminate\\Pipeline\\Pipeline.php(180): Illuminate\\Foundation\\Http\\Middleware\\TrimStrings->handle(Object(Illuminate\\Http\\Request), Object(Closure))
#41 D:\\----- 1. Kuliah\\2. Bahan - bahan Kuliah\\✨ SEMESTER 4\\PEMROGRAMAN FRAMEWORK - IS-04-04\\Pertemuan 4\\Laravel Project\\modul-3\\vendor\\laravel\\framework\\src\\Illuminate\\Foundation\\Http\\Middleware\\ValidatePostSize.php(27): Illuminate\\Pipeline\\Pipeline->Illuminate\\Pipeline\\{closure}(Object(Illuminate\\Http\\Request))
#42 D:\\----- 1. Kuliah\\2. Bahan - bahan Kuliah\\✨ SEMESTER 4\\PEMROGRAMAN FRAMEWORK - IS-04-04\\Pertemuan 4\\Laravel Project\\modul-3\\vendor\\laravel\\framework\\src\\Illuminate\\Pipeline\\Pipeline.php(180): Illuminate\\Foundation\\Http\\Middleware\\ValidatePostSize->handle(Object(Illuminate\\Http\\Request), Object(Closure))
#43 D:\\----- 1. Kuliah\\2. Bahan - bahan Kuliah\\✨ SEMESTER 4\\PEMROGRAMAN FRAMEWORK - IS-04-04\\Pertemuan 4\\Laravel Project\\modul-3\\vendor\\laravel\\framework\\src\\Illuminate\\Foundation\\Http\\Middleware\\PreventRequestsDuringMaintenance.php(86): Illuminate\\Pipeline\\Pipeline->Illuminate\\Pipeline\\{closure}(Object(Illuminate\\Http\\Request))
#44 D:\\----- 1. Kuliah\\2. Bahan - bahan Kuliah\\✨ SEMESTER 4\\PEMROGRAMAN FRAMEWORK - IS-04-04\\Pertemuan 4\\Laravel Project\\modul-3\\vendor\\laravel\\framework\\src\\Illuminate\\Pipeline\\Pipeline.php(180): Illuminate\\Foundation\\Http\\Middleware\\PreventRequestsDuringMaintenance->handle(Object(Illuminate\\Http\\Request), Object(Closure))
#45 D:\\----- 1. Kuliah\\2. Bahan - bahan Kuliah\\✨ SEMESTER 4\\PEMROGRAMAN FRAMEWORK - IS-04-04\\Pertemuan 4\\Laravel Project\\modul-3\\vendor\\laravel\\framework\\src\\Illuminate\\Http\\Middleware\\HandleCors.php(49): Illuminate\\Pipeline\\Pipeline->Illuminate\\Pipeline\\{closure}(Object(Illuminate\\Http\\Request))
#46 D:\\----- 1. Kuliah\\2. Bahan - bahan Kuliah\\✨ SEMESTER 4\\PEMROGRAMAN FRAMEWORK - IS-04-04\\Pertemuan 4\\Laravel Project\\modul-3\\vendor\\laravel\\framework\\src\\Illuminate\\Pipeline\\Pipeline.php(180): Illuminate\\Http\\Middleware\\HandleCors->handle(Object(Illuminate\\Http\\Request), Object(Closure))
#47 D:\\----- 1. Kuliah\\2. Bahan - bahan Kuliah\\✨ SEMESTER 4\\PEMROGRAMAN FRAMEWORK - IS-04-04\\Pertemuan 4\\Laravel Project\\modul-3\\vendor\\laravel\\framework\\src\\Illuminate\\Http\\Middleware\\TrustProxies.php(39): Illuminate\\Pipeline\\Pipeline->Illuminate\\Pipeline\\{closure}(Object(Illuminate\\Http\\Request))
#48 D:\\----- 1. Kuliah\\2. Bahan - bahan Kuliah\\✨ SEMESTER 4\\PEMROGRAMAN FRAMEWORK - IS-04-04\\Pertemuan 4\\Laravel Project\\modul-3\\vendor\\laravel\\framework\\src\\Illuminate\\Pipeline\\Pipeline.php(180): Illuminate\\Http\\Middleware\\TrustProxies->handle(Object(Illuminate\\Http\\Request), Object(Closure))
#49 D:\\----- 1. Kuliah\\2. Bahan - bahan Kuliah\\✨ SEMESTER 4\\PEMROGRAMAN FRAMEWORK - IS-04-04\\Pertemuan 4\\Laravel Project\\modul-3\\vendor\\laravel\\framework\\src\\Illuminate\\Pipeline\\Pipeline.php(116): Illuminate\\Pipeline\\Pipeline->Illuminate\\Pipeline\\{closure}(Object(Illuminate\\Http\\Request))
#50 D:\\----- 1. Kuliah\\2. Bahan - bahan Kuliah\\✨ SEMESTER 4\\PEMROGRAMAN FRAMEWORK - IS-04-04\\Pertemuan 4\\Laravel Project\\modul-3\\vendor\\laravel\\framework\\src\\Illuminate\\Foundation\\Http\\Kernel.php(175): Illuminate\\Pipeline\\Pipeline->then(Object(Closure))
#51 D:\\----- 1. Kuliah\\2. Bahan - bahan Kuliah\\✨ SEMESTER 4\\PEMROGRAMAN FRAMEWORK - IS-04-04\\Pertemuan 4\\Laravel Project\\modul-3\\vendor\\laravel\\framework\\src\\Illuminate\\Foundation\\Http\\Kernel.php(144): Illuminate\\Foundation\\Http\\Kernel->sendRequestThroughRouter(Object(Illuminate\\Http\\Request))
#52 D:\\----- 1. Kuliah\\2. Bahan - bahan Kuliah\\✨ SEMESTER 4\\PEMROGRAMAN FRAMEWORK - IS-04-04\\Pertemuan 4\\Laravel Project\\modul-3\\public\\index.php(51): Illuminate\\Foundation\\Http\\Kernel->handle(Object(Illuminate\\Http\\Request))
#53 D:\\----- 1. Kuliah\\2. Bahan - bahan Kuliah\\✨ SEMESTER 4\\PEMROGRAMAN FRAMEWORK - IS-04-04\\Pertemuan 4\\Laravel Project\\modul-3\\vendor\\laravel\\framework\\src\\Illuminate\\Foundation\\resources\\server.php(16): require_once('D:\\\\----- 1. Kul...')
#54 {main}
"} 
[2023-05-05 08:51:47] local.ERROR: Cannot use Illuminate\Support\Facades\Route as Route because the name is already in use {"exception":"[object] (Symfony\\Component\\ErrorHandler\\Error\\FatalError(code: 0): Cannot use Illuminate\\Support\\Facades\\Route as Route because the name is already in use at D:\\----- 1. Kuliah\\2. Bahan - bahan Kuliah\\✨ SEMESTER 4\\PEMROGRAMAN FRAMEWORK - IS-04-04\\Pertemuan 4\\Laravel Project\\modul-3\\routes\\web.php:5)
[stacktrace]
#0 {main}
"} 
[2023-05-05 09:04:06] local.ERROR: View [clone] not found. {"exception":"[object] (InvalidArgumentException(code: 0): View [clone] not found. at D:\\----- 1. Kuliah\\2. Bahan - bahan Kuliah\\✨ SEMESTER 4\\PEMROGRAMAN FRAMEWORK - IS-04-04\\Pertemuan 4\\Laravel Project\\modul-3\\vendor\\laravel\\framework\\src\\Illuminate\\View\\FileViewFinder.php:137)
[stacktrace]
#0 D:\\----- 1. Kuliah\\2. Bahan - bahan Kuliah\\✨ SEMESTER 4\\PEMROGRAMAN FRAMEWORK - IS-04-04\\Pertemuan 4\\Laravel Project\\modul-3\\vendor\\laravel\\framework\\src\\Illuminate\\View\\FileViewFinder.php(79): Illuminate\\View\\FileViewFinder->findInPaths('clone', Array)
#1 D:\\----- 1. Kuliah\\2. Bahan - bahan Kuliah\\✨ SEMESTER 4\\PEMROGRAMAN FRAMEWORK - IS-04-04\\Pertemuan 4\\Laravel Project\\modul-3\\vendor\\laravel\\framework\\src\\Illuminate\\View\\Factory.php(137): Illuminate\\View\\FileViewFinder->find('clone')
#2 D:\\----- 1. Kuliah\\2. Bahan - bahan Kuliah\\✨ SEMESTER 4\\PEMROGRAMAN FRAMEWORK - IS-04-04\\Pertemuan 4\\Laravel Project\\modul-3\\vendor\\laravel\\framework\\src\\Illuminate\\Routing\\ResponseFactory.php(87): Illuminate\\View\\Factory->make('clone', Array)
#3 D:\\----- 1. Kuliah\\2. Bahan - bahan Kuliah\\✨ SEMESTER 4\\PEMROGRAMAN FRAMEWORK - IS-04-04\\Pertemuan 4\\Laravel Project\\modul-3\\vendor\\laravel\\framework\\src\\Illuminate\\Routing\\ViewController.php(41): Illuminate\\Routing\\ResponseFactory->view('clone', Array, 200, Array)
#4 D:\\----- 1. Kuliah\\2. Bahan - bahan Kuliah\\✨ SEMESTER 4\\PEMROGRAMAN FRAMEWORK - IS-04-04\\Pertemuan 4\\Laravel Project\\modul-3\\vendor\\laravel\\framework\\src\\Illuminate\\Routing\\ViewController.php(58): Illuminate\\Routing\\ViewController->__invoke(view: 'clone', data: Array, status: 200, headers: Array)
#5 D:\\----- 1. Kuliah\\2. Bahan - bahan Kuliah\\✨ SEMESTER 4\\PEMROGRAMAN FRAMEWORK - IS-04-04\\Pertemuan 4\\Laravel Project\\modul-3\\vendor\\laravel\\framework\\src\\Illuminate\\Routing\\ControllerDispatcher.php(43): Illuminate\\Routing\\ViewController->callAction('__invoke', Array)
#6 D:\\----- 1. Kuliah\\2. Bahan - bahan Kuliah\\✨ SEMESTER 4\\PEMROGRAMAN FRAMEWORK - IS-04-04\\Pertemuan 4\\Laravel Project\\modul-3\\vendor\\laravel\\framework\\src\\Illuminate\\Routing\\Route.php(259): Illuminate\\Routing\\ControllerDispatcher->dispatch(Object(Illuminate\\Routing\\Route), Object(Illuminate\\Routing\\ViewController), '__invoke')
#7 D:\\----- 1. Kuliah\\2. Bahan - bahan Kuliah\\✨ SEMESTER 4\\PEMROGRAMAN FRAMEWORK - IS-04-04\\Pertemuan 4\\Laravel Project\\modul-3\\vendor\\laravel\\framework\\src\\Illuminate\\Routing\\Route.php(205): Illuminate\\Routing\\Route->runController()
#8 D:\\----- 1. Kuliah\\2. Bahan - bahan Kuliah\\✨ SEMESTER 4\\PEMROGRAMAN FRAMEWORK - IS-04-04\\Pertemuan 4\\Laravel Project\\modul-3\\vendor\\laravel\\framework\\src\\Illuminate\\Routing\\Router.php(798): Illuminate\\Routing\\Route->run()
#9 D:\\----- 1. Kuliah\\2. Bahan - bahan Kuliah\\✨ SEMESTER 4\\PEMROGRAMAN FRAMEWORK - IS-04-04\\Pertemuan 4\\Laravel Project\\modul-3\\vendor\\laravel\\framework\\src\\Illuminate\\Pipeline\\Pipeline.php(141): Illuminate\\Routing\\Router->Illuminate\\Routing\\{closure}(Object(Illuminate\\Http\\Request))
#10 D:\\----- 1. Kuliah\\2. Bahan - bahan Kuliah\\✨ SEMESTER 4\\PEMROGRAMAN FRAMEWORK - IS-04-04\\Pertemuan 4\\Laravel Project\\modul-3\\vendor\\laravel\\framework\\src\\Illuminate\\Routing\\Middleware\\SubstituteBindings.php(50): Illuminate\\Pipeline\\Pipeline->Illuminate\\Pipeline\\{closure}(Object(Illuminate\\Http\\Request))
#11 D:\\----- 1. Kuliah\\2. Bahan - bahan Kuliah\\✨ SEMESTER 4\\PEMROGRAMAN FRAMEWORK - IS-04-04\\Pertemuan 4\\Laravel Project\\modul-3\\vendor\\laravel\\framework\\src\\Illuminate\\Pipeline\\Pipeline.php(180): Illuminate\\Routing\\Middleware\\SubstituteBindings->handle(Object(Illuminate\\Http\\Request), Object(Closure))
#12 D:\\----- 1. Kuliah\\2. Bahan - bahan Kuliah\\✨ SEMESTER 4\\PEMROGRAMAN FRAMEWORK - IS-04-04\\Pertemuan 4\\Laravel Project\\modul-3\\vendor\\laravel\\framework\\src\\Illuminate\\Foundation\\Http\\Middleware\\VerifyCsrfToken.php(78): Illuminate\\Pipeline\\Pipeline->Illuminate\\Pipeline\\{closure}(Object(Illuminate\\Http\\Request))
#13 D:\\----- 1. Kuliah\\2. Bahan - bahan Kuliah\\✨ SEMESTER 4\\PEMROGRAMAN FRAMEWORK - IS-04-04\\Pertemuan 4\\Laravel Project\\modul-3\\vendor\\laravel\\framework\\src\\Illuminate\\Pipeline\\Pipeline.php(180): Illuminate\\Foundation\\Http\\Middleware\\VerifyCsrfToken->handle(Object(Illuminate\\Http\\Request), Object(Closure))
#14 D:\\----- 1. Kuliah\\2. Bahan - bahan Kuliah\\✨ SEMESTER 4\\PEMROGRAMAN FRAMEWORK - IS-04-04\\Pertemuan 4\\Laravel Project\\modul-3\\vendor\\laravel\\framework\\src\\Illuminate\\View\\Middleware\\ShareErrorsFromSession.php(49): Illuminate\\Pipeline\\Pipeline->Illuminate\\Pipeline\\{closure}(Object(Illuminate\\Http\\Request))
#15 D:\\----- 1. Kuliah\\2. Bahan - bahan Kuliah\\✨ SEMESTER 4\\PEMROGRAMAN FRAMEWORK - IS-04-04\\Pertemuan 4\\Laravel Project\\modul-3\\vendor\\laravel\\framework\\src\\Illuminate\\Pipeline\\Pipeline.php(180): Illuminate\\View\\Middleware\\ShareErrorsFromSession->handle(Object(Illuminate\\Http\\Request), Object(Closure))
#16 D:\\----- 1. Kuliah\\2. Bahan - bahan Kuliah\\✨ SEMESTER 4\\PEMROGRAMAN FRAMEWORK - IS-04-04\\Pertemuan 4\\Laravel Project\\modul-3\\vendor\\laravel\\framework\\src\\Illuminate\\Session\\Middleware\\StartSession.php(121): Illuminate\\Pipeline\\Pipeline->Illuminate\\Pipeline\\{closure}(Object(Illuminate\\Http\\Request))
#17 D:\\----- 1. Kuliah\\2. Bahan - bahan Kuliah\\✨ SEMESTER 4\\PEMROGRAMAN FRAMEWORK - IS-04-04\\Pertemuan 4\\Laravel Project\\modul-3\\vendor\\laravel\\framework\\src\\Illuminate\\Session\\Middleware\\StartSession.php(64): Illuminate\\Session\\Middleware\\StartSession->handleStatefulRequest(Object(Illuminate\\Http\\Request), Object(Illuminate\\Session\\Store), Object(Closure))
#18 D:\\----- 1. Kuliah\\2. Bahan - bahan Kuliah\\✨ SEMESTER 4\\PEMROGRAMAN FRAMEWORK - IS-04-04\\Pertemuan 4\\Laravel Project\\modul-3\\vendor\\laravel\\framework\\src\\Illuminate\\Pipeline\\Pipeline.php(180): Illuminate\\Session\\Middleware\\StartSession->handle(Object(Illuminate\\Http\\Request), Object(Closure))
#19 D:\\----- 1. Kuliah\\2. Bahan - bahan Kuliah\\✨ SEMESTER 4\\PEMROGRAMAN FRAMEWORK - IS-04-04\\Pertemuan 4\\Laravel Project\\modul-3\\vendor\\laravel\\framework\\src\\Illuminate\\Cookie\\Middleware\\AddQueuedCookiesToResponse.php(37): Illuminate\\Pipeline\\Pipeline->Illuminate\\Pipeline\\{closure}(Object(Illuminate\\Http\\Request))
#20 D:\\----- 1. Kuliah\\2. Bahan - bahan Kuliah\\✨ SEMESTER 4\\PEMROGRAMAN FRAMEWORK - IS-04-04\\Pertemuan 4\\Laravel Project\\modul-3\\vendor\\laravel\\framework\\src\\Illuminate\\Pipeline\\Pipeline.php(180): Illuminate\\Cookie\\Middleware\\AddQueuedCookiesToResponse->handle(Object(Illuminate\\Http\\Request), Object(Closure))
#21 D:\\----- 1. Kuliah\\2. Bahan - bahan Kuliah\\✨ SEMESTER 4\\PEMROGRAMAN FRAMEWORK - IS-04-04\\Pertemuan 4\\Laravel Project\\modul-3\\vendor\\laravel\\framework\\src\\Illuminate\\Cookie\\Middleware\\EncryptCookies.php(67): Illuminate\\Pipeline\\Pipeline->Illuminate\\Pipeline\\{closure}(Object(Illuminate\\Http\\Request))
#22 D:\\----- 1. Kuliah\\2. Bahan - bahan Kuliah\\✨ SEMESTER 4\\PEMROGRAMAN FRAMEWORK - IS-04-04\\Pertemuan 4\\Laravel Project\\modul-3\\vendor\\laravel\\framework\\src\\Illuminate\\Pipeline\\Pipeline.php(180): Illuminate\\Cookie\\Middleware\\EncryptCookies->handle(Object(Illuminate\\Http\\Request), Object(Closure))
#23 D:\\----- 1. Kuliah\\2. Bahan - bahan Kuliah\\✨ SEMESTER 4\\PEMROGRAMAN FRAMEWORK - IS-04-04\\Pertemuan 4\\Laravel Project\\modul-3\\vendor\\laravel\\framework\\src\\Illuminate\\Pipeline\\Pipeline.php(116): Illuminate\\Pipeline\\Pipeline->Illuminate\\Pipeline\\{closure}(Object(Illuminate\\Http\\Request))
#24 D:\\----- 1. Kuliah\\2. Bahan - bahan Kuliah\\✨ SEMESTER 4\\PEMROGRAMAN FRAMEWORK - IS-04-04\\Pertemuan 4\\Laravel Project\\modul-3\\vendor\\laravel\\framework\\src\\Illuminate\\Routing\\Router.php(797): Illuminate\\Pipeline\\Pipeline->then(Object(Closure))
#25 D:\\----- 1. Kuliah\\2. Bahan - bahan Kuliah\\✨ SEMESTER 4\\PEMROGRAMAN FRAMEWORK - IS-04-04\\Pertemuan 4\\Laravel Project\\modul-3\\vendor\\laravel\\framework\\src\\Illuminate\\Routing\\Router.php(776): Illuminate\\Routing\\Router->runRouteWithinStack(Object(Illuminate\\Routing\\Route), Object(Illuminate\\Http\\Request))
#26 D:\\----- 1. Kuliah\\2. Bahan - bahan Kuliah\\✨ SEMESTER 4\\PEMROGRAMAN FRAMEWORK - IS-04-04\\Pertemuan 4\\Laravel Project\\modul-3\\vendor\\laravel\\framework\\src\\Illuminate\\Routing\\Router.php(740): Illuminate\\Routing\\Router->runRoute(Object(Illuminate\\Http\\Request), Object(Illuminate\\Routing\\Route))
#27 D:\\----- 1. Kuliah\\2. Bahan - bahan Kuliah\\✨ SEMESTER 4\\PEMROGRAMAN FRAMEWORK - IS-04-04\\Pertemuan 4\\Laravel Project\\modul-3\\vendor\\laravel\\framework\\src\\Illuminate\\Routing\\Router.php(729): Illuminate\\Routing\\Router->dispatchToRoute(Object(Illuminate\\Http\\Request))
#28 D:\\----- 1. Kuliah\\2. Bahan - bahan Kuliah\\✨ SEMESTER 4\\PEMROGRAMAN FRAMEWORK - IS-04-04\\Pertemuan 4\\Laravel Project\\modul-3\\vendor\\laravel\\framework\\src\\Illuminate\\Foundation\\Http\\Kernel.php(200): Illuminate\\Routing\\Router->dispatch(Object(Illuminate\\Http\\Request))
#29 D:\\----- 1. Kuliah\\2. Bahan - bahan Kuliah\\✨ SEMESTER 4\\PEMROGRAMAN FRAMEWORK - IS-04-04\\Pertemuan 4\\Laravel Project\\modul-3\\vendor\\laravel\\framework\\src\\Illuminate\\Pipeline\\Pipeline.php(141): Illuminate\\Foundation\\Http\\Kernel->Illuminate\\Foundation\\Http\\{closure}(Object(Illuminate\\Http\\Request))
#30 D:\\----- 1. Kuliah\\2. Bahan - bahan Kuliah\\✨ SEMESTER 4\\PEMROGRAMAN FRAMEWORK - IS-04-04\\Pertemuan 4\\Laravel Project\\modul-3\\vendor\\laravel\\framework\\src\\Illuminate\\Foundation\\Http\\Middleware\\TransformsRequest.php(21): Illuminate\\Pipeline\\Pipeline->Illuminate\\Pipeline\\{closure}(Object(Illuminate\\Http\\Request))
#31 D:\\----- 1. Kuliah\\2. Bahan - bahan Kuliah\\✨ SEMESTER 4\\PEMROGRAMAN FRAMEWORK - IS-04-04\\Pertemuan 4\\Laravel Project\\modul-3\\vendor\\laravel\\framework\\src\\Illuminate\\Foundation\\Http\\Middleware\\ConvertEmptyStringsToNull.php(31): Illuminate\\Foundation\\Http\\Middleware\\TransformsRequest->handle(Object(Illuminate\\Http\\Request), Object(Closure))
#32 D:\\----- 1. Kuliah\\2. Bahan - bahan Kuliah\\✨ SEMESTER 4\\PEMROGRAMAN FRAMEWORK - IS-04-04\\Pertemuan 4\\Laravel Project\\modul-3\\vendor\\laravel\\framework\\src\\Illuminate\\Pipeline\\Pipeline.php(180): Illuminate\\Foundation\\Http\\Middleware\\ConvertEmptyStringsToNull->handle(Object(Illuminate\\Http\\Request), Object(Closure))
#33 D:\\----- 1. Kuliah\\2. Bahan - bahan Kuliah\\✨ SEMESTER 4\\PEMROGRAMAN FRAMEWORK - IS-04-04\\Pertemuan 4\\Laravel Project\\modul-3\\vendor\\laravel\\framework\\src\\Illuminate\\Foundation\\Http\\Middleware\\TransformsRequest.php(21): Illuminate\\Pipeline\\Pipeline->Illuminate\\Pipeline\\{closure}(Object(Illuminate\\Http\\Request))
#34 D:\\----- 1. Kuliah\\2. Bahan - bahan Kuliah\\✨ SEMESTER 4\\PEMROGRAMAN FRAMEWORK - IS-04-04\\Pertemuan 4\\Laravel Project\\modul-3\\vendor\\laravel\\framework\\src\\Illuminate\\Foundation\\Http\\Middleware\\TrimStrings.php(40): Illuminate\\Foundation\\Http\\Middleware\\TransformsRequest->handle(Object(Illuminate\\Http\\Request), Object(Closure))
#35 D:\\----- 1. Kuliah\\2. Bahan - bahan Kuliah\\✨ SEMESTER 4\\PEMROGRAMAN FRAMEWORK - IS-04-04\\Pertemuan 4\\Laravel Project\\modul-3\\vendor\\laravel\\framework\\src\\Illuminate\\Pipeline\\Pipeline.php(180): Illuminate\\Foundation\\Http\\Middleware\\TrimStrings->handle(Object(Illuminate\\Http\\Request), Object(Closure))
#36 D:\\----- 1. Kuliah\\2. Bahan - bahan Kuliah\\✨ SEMESTER 4\\PEMROGRAMAN FRAMEWORK - IS-04-04\\Pertemuan 4\\Laravel Project\\modul-3\\vendor\\laravel\\framework\\src\\Illuminate\\Foundation\\Http\\Middleware\\ValidatePostSize.php(27): Illuminate\\Pipeline\\Pipeline->Illuminate\\Pipeline\\{closure}(Object(Illuminate\\Http\\Request))
#37 D:\\----- 1. Kuliah\\2. Bahan - bahan Kuliah\\✨ SEMESTER 4\\PEMROGRAMAN FRAMEWORK - IS-04-04\\Pertemuan 4\\Laravel Project\\modul-3\\vendor\\laravel\\framework\\src\\Illuminate\\Pipeline\\Pipeline.php(180): Illuminate\\Foundation\\Http\\Middleware\\ValidatePostSize->handle(Object(Illuminate\\Http\\Request), Object(Closure))
#38 D:\\----- 1. Kuliah\\2. Bahan - bahan Kuliah\\✨ SEMESTER 4\\PEMROGRAMAN FRAMEWORK - IS-04-04\\Pertemuan 4\\Laravel Project\\modul-3\\vendor\\laravel\\framework\\src\\Illuminate\\Foundation\\Http\\Middleware\\PreventRequestsDuringMaintenance.php(86): Illuminate\\Pipeline\\Pipeline->Illuminate\\Pipeline\\{closure}(Object(Illuminate\\Http\\Request))
#39 D:\\----- 1. Kuliah\\2. Bahan - bahan Kuliah\\✨ SEMESTER 4\\PEMROGRAMAN FRAMEWORK - IS-04-04\\Pertemuan 4\\Laravel Project\\modul-3\\vendor\\laravel\\framework\\src\\Illuminate\\Pipeline\\Pipeline.php(180): Illuminate\\Foundation\\Http\\Middleware\\PreventRequestsDuringMaintenance->handle(Object(Illuminate\\Http\\Request), Object(Closure))
#40 D:\\----- 1. Kuliah\\2. Bahan - bahan Kuliah\\✨ SEMESTER 4\\PEMROGRAMAN FRAMEWORK - IS-04-04\\Pertemuan 4\\Laravel Project\\modul-3\\vendor\\laravel\\framework\\src\\Illuminate\\Http\\Middleware\\HandleCors.php(49): Illuminate\\Pipeline\\Pipeline->Illuminate\\Pipeline\\{closure}(Object(Illuminate\\Http\\Request))
#41 D:\\----- 1. Kuliah\\2. Bahan - bahan Kuliah\\✨ SEMESTER 4\\PEMROGRAMAN FRAMEWORK - IS-04-04\\Pertemuan 4\\Laravel Project\\modul-3\\vendor\\laravel\\framework\\src\\Illuminate\\Pipeline\\Pipeline.php(180): Illuminate\\Http\\Middleware\\HandleCors->handle(Object(Illuminate\\Http\\Request), Object(Closure))
#42 D:\\----- 1. Kuliah\\2. Bahan - bahan Kuliah\\✨ SEMESTER 4\\PEMROGRAMAN FRAMEWORK - IS-04-04\\Pertemuan 4\\Laravel Project\\modul-3\\vendor\\laravel\\framework\\src\\Illuminate\\Http\\Middleware\\TrustProxies.php(39): Illuminate\\Pipeline\\Pipeline->Illuminate\\Pipeline\\{closure}(Object(Illuminate\\Http\\Request))
#43 D:\\----- 1. Kuliah\\2. Bahan - bahan Kuliah\\✨ SEMESTER 4\\PEMROGRAMAN FRAMEWORK - IS-04-04\\Pertemuan 4\\Laravel Project\\modul-3\\vendor\\laravel\\framework\\src\\Illuminate\\Pipeline\\Pipeline.php(180): Illuminate\\Http\\Middleware\\TrustProxies->handle(Object(Illuminate\\Http\\Request), Object(Closure))
#44 D:\\----- 1. Kuliah\\2. Bahan - bahan Kuliah\\✨ SEMESTER 4\\PEMROGRAMAN FRAMEWORK - IS-04-04\\Pertemuan 4\\Laravel Project\\modul-3\\vendor\\laravel\\framework\\src\\Illuminate\\Pipeline\\Pipeline.php(116): Illuminate\\Pipeline\\Pipeline->Illuminate\\Pipeline\\{closure}(Object(Illuminate\\Http\\Request))
#45 D:\\----- 1. Kuliah\\2. Bahan - bahan Kuliah\\✨ SEMESTER 4\\PEMROGRAMAN FRAMEWORK - IS-04-04\\Pertemuan 4\\Laravel Project\\modul-3\\vendor\\laravel\\framework\\src\\Illuminate\\Foundation\\Http\\Kernel.php(175): Illuminate\\Pipeline\\Pipeline->then(Object(Closure))
#46 D:\\----- 1. Kuliah\\2. Bahan - bahan Kuliah\\✨ SEMESTER 4\\PEMROGRAMAN FRAMEWORK - IS-04-04\\Pertemuan 4\\Laravel Project\\modul-3\\vendor\\laravel\\framework\\src\\Illuminate\\Foundation\\Http\\Kernel.php(144): Illuminate\\Foundation\\Http\\Kernel->sendRequestThroughRouter(Object(Illuminate\\Http\\Request))
#47 D:\\----- 1. Kuliah\\2. Bahan - bahan Kuliah\\✨ SEMESTER 4\\PEMROGRAMAN FRAMEWORK - IS-04-04\\Pertemuan 4\\Laravel Project\\modul-3\\public\\index.php(51): Illuminate\\Foundation\\Http\\Kernel->handle(Object(Illuminate\\Http\\Request))
#48 D:\\----- 1. Kuliah\\2. Bahan - bahan Kuliah\\✨ SEMESTER 4\\PEMROGRAMAN FRAMEWORK - IS-04-04\\Pertemuan 4\\Laravel Project\\modul-3\\vendor\\laravel\\framework\\src\\Illuminate\\Foundation\\resources\\server.php(16): require_once('D:\\\\----- 1. Kul...')
#49 {main}
"} 
